<?xml version="1.0" encoding="utf-8"?><testsuites name="pytest tests"><testsuite name="pytest" errors="0" failures="0" skipped="0" tests="54" time="27.422" timestamp="2026-05-08T15:14:00.115498+05:30" hostname="Hema"><testcase classname="Tests.Phase5.5.1_unit_testing.test_api_unit.TestAPIUnit" name="test_api_main_exists" time="4.878" /><testcase classname="Tests.Phase5.5.1_unit_testing.test_api_unit.TestAPIUnit" name="test_api_models_exist" time="0.000" /><testcase classname="Tests.Phase5.5.1_unit_testing.test_api_unit.TestAPIUnit" name="test_api_rag_service_exists" time="0.000" /><testcase classname="Tests.Phase5.5.1_unit_testing.test_document_processing.TestHTMLParser" name="test_parser_module_exists" time="0.130" /><testcase classname="Tests.Phase5.5.1_unit_testing.test_document_processing.TestHTMLParser" name="test_normalize_text" time="0.000" /><testcase classname="Tests.Phase5.5.1_unit_testing.test_document_processing.TestHTMLParser" name="test_parse_html_basic" time="0.003" /><testcase classname="Tests.Phase5.5.1_unit_testing.test_document_processing.TestChunker" name="test_chunker_module_exists" time="0.097" /><testcase classname="Tests.Phase5.5.1_unit_testing.test_document_processing.TestChunker" name="test_chunk_text_basic" time="0.000" /><testcase classname="Tests.Phase5.5.1_unit_testing.test_document_processing.TestVectorStore" name="test_vector_store_module_exists" time="0.000" /><testcase classname="Tests.Phase5.5.1_unit_testing.test_document_processing.TestVectorStore" name="test_get_chroma_client" time="0.062" /><testcase classname="Tests.Phase5.5.1_unit_testing.test_document_processing.TestDataQuality" name="test_data_quality_module_exists" time="0.000" /><testcase classname="Tests.Phase5.5.1_unit_testing.test_embeddings.TestEmbeddings" name="test_embeddings_module_exists" time="0.000" /><testcase classname="Tests.Phase5.5.1_unit_testing.test_embeddings.TestEmbeddings" name="test_generate_single_embedding" time="5.957" /><testcase classname="Tests.Phase5.5.1_unit_testing.test_embeddings.TestEmbeddings" name="test_generate_embeddings_batch" time="0.007" /><testcase classname="Tests.Phase5.5.1_unit_testing.test_refusal_handling.TestRefusalHandling" name="test_refusal_module_exists" time="0.000" /><testcase classname="Tests.Phase5.5.1_unit_testing.test_refusal_handling.TestRefusalHandling" name="test_get_refusal_message" time="0.000" /><testcase classname="Tests.Phase5.5.1_unit_testing.test_refusal_handling.TestRefusalHandling" name="test_handle_advisory_query" time="0.004" /><testcase classname="Tests.Phase5.5.1_unit_testing.test_response_generation.TestResponseGeneration" name="test_generator_module_exists" time="0.001" /><testcase classname="Tests.Phase5.5.1_unit_testing.test_response_generation.TestResponseGeneration" name="test_generate_response_basic" time="1.201" /><testcase classname="Tests.Phase5.5.1_unit_testing.test_response_generation.TestResponseGeneration" name="test_generate_refusal_response" time="0.001" /><testcase classname="Tests.Phase5.5.1_unit_testing.test_retrieval.TestRetrieval" name="test_retriever_module_exists" time="0.001" /><testcase classname="Tests.Phase5.5.1_unit_testing.test_retrieval.TestRetrieval" name="test_retrieve_basic" time="0.105" /><testcase classname="Tests.Phase5.5.1_unit_testing.test_retrieval.TestRetrieval" name="test_retrieve_with_scheme_filter" time="0.055" /><testcase classname="Tests.Phase5.5.2_integration_testing.test_api_frontend.TestAPIFrontendIntegration" name="test_api_available_for_frontend" time="0.001" /><testcase classname="Tests.Phase5.5.2_integration_testing.test_api_frontend.TestAPIFrontendIntegration" name="test_rag_service_accessible" time="0.027" /><testcase classname="Tests.Phase5.5.2_integration_testing.test_api_frontend.TestAPIFrontendIntegration" name="test_phase4_can_access_phase2" time="0.025" /><testcase classname="Tests.Phase5.5.2_integration_testing.test_database.TestDatabaseIntegration" name="test_chromadb_connection" time="0.018" /><testcase classname="Tests.Phase5.5.2_integration_testing.test_database.TestDatabaseIntegration" name="test_collection_access" time="0.018" /><testcase classname="Tests.Phase5.5.2_integration_testing.test_database.TestDatabaseIntegration" name="test_retrieval_from_database" time="0.050" /><testcase classname="Tests.Phase5.5.2_integration_testing.test_e2e_rag.TestE2ERAG" name="test_rag_pipeline_integration" time="0.842" /><testcase classname="Tests.Phase5.5.2_integration_testing.test_e2e_rag.TestE2ERAG" name="test_rag_pipeline_with_cache" time="0.011" /><testcase classname="Tests.Phase5.5.2_integration_testing.test_e2e_rag.TestE2ERAG" name="test_rag_pipeline_with_scheme_filter" time="0.836" /><testcase classname="Tests.Phase5.5.3_functional_testing.test_query_types.TestQueryTypes" name="test_expense_ratio_query" time="0.765" /><testcase classname="Tests.Phase5.5.3_functional_testing.test_query_types.TestQueryTypes" name="test_exit_load_query" time="0.937" /><testcase classname="Tests.Phase5.5.3_functional_testing.test_query_types.TestQueryTypes" name="test_sip_amount_query" time="0.715" /><testcase classname="Tests.Phase5.5.3_functional_testing.test_query_types.TestQueryTypes" name="test_nav_query" time="0.810" /><testcase classname="Tests.Phase5.5.3_functional_testing.test_refusal_scenarios.TestRefusalScenarios" name="test_investment_advice_query" time="0.005" /><testcase classname="Tests.Phase5.5.3_functional_testing.test_refusal_scenarios.TestRefusalScenarios" name="test_performance_comparison_query" time="0.005" /><testcase classname="Tests.Phase5.5.3_functional_testing.test_refusal_scenarios.TestRefusalScenarios" name="test_recommendation_query" time="0.004" /><testcase classname="Tests.Phase5.5.4_accuracy_testing.test_citation_accuracy.TestCitationAccuracy" name="test_citations_present_in_response" time="0.769" /><testcase classname="Tests.Phase5.5.4_accuracy_testing.test_citation_accuracy.TestCitationAccuracy" name="test_citation_structure" time="0.773" /><testcase classname="Tests.Phase5.5.4_accuracy_testing.test_sample_queries.TestSampleQueries" name="test_sample_query_returns_answer" time="2.348" /><testcase classname="Tests.Phase5.5.4_accuracy_testing.test_sample_queries.TestSampleQueries" name="test_response_length_validation" time="0.850" /><testcase classname="Tests.Phase5.5.5_performance_testing.test_caching.TestCaching" name="test_cache_hit_on_repeated_query" time="0.008" /><testcase classname="Tests.Phase5.5.5_performance_testing.test_caching.TestCaching" name="test_cache_stats" time="0.004" /><testcase classname="Tests.Phase5.5.5_performance_testing.test_response_time.TestResponseTime" name="test_query_response_time" time="0.826" /><testcase classname="Tests.Phase5.5.5_performance_testing.test_response_time.TestResponseTime" name="test_cached_query_response_time" time="0.011" /><testcase classname="Tests.Phase5.5.6_security_testing.test_api_security.TestAPISecurity" name="test_pydantic_validation" time="0.001" /><testcase classname="Tests.Phase5.5.6_security_testing.test_input_validation.TestInputValidation" name="test_empty_query_handling" time="0.837" /><testcase classname="Tests.Phase5.5.6_security_testing.test_input_validation.TestInputValidation" name="test_very_long_query_handling" time="0.924" /><testcase classname="Tests.Phase5.5.6_security_testing.test_input_validation.TestInputValidation" name="test_special_characters_in_query" time="2.365" /><testcase classname="Tests.Phase5.5.7_compliance_testing.test_disclaimers.TestDisclaimers" name="test_refusal_templates_exist" time="0.001" /><testcase classname="Tests.Phase5.5.7_compliance_testing.test_disclaimers.TestDisclaimers" name="test_refusal_contains_educational_resources" time="0.001" /><testcase classname="Tests.Phase5.5.7_compliance_testing.test_no_advice.TestNoAdvice" name="test_advisory_queries_refused" time="0.023" /></testsuite></testsuites>